Info: Starting: Create block symbol file (.bsf)
Info: qsys-generate E:\Galaxy\GFEC\02_Altera\Altera_DemoBoard\CV_GX_Claire_Kit\project\CAM2HDMI_2019\ip\nios\nios.qsys --block-symbol-file --output-directory=E:\Galaxy\GFEC\02_Altera\Altera_DemoBoard\CV_GX_Claire_Kit\project\CAM2HDMI_2019\ip\nios\nios --family="Cyclone V" --part=5CGXBC7D6F31C7
Progress: Loading nios/nios.qsys
Progress: Reading input file
Progress: Adding alt_vip_cl_cvo_0 [alt_vip_cl_cvo 16.1]
Progress: Parameterizing module alt_vip_cl_cvo_0
Progress: Adding alt_vip_cl_scl_0 [alt_vip_cl_scl 16.1]
Progress: Parameterizing module alt_vip_cl_scl_0
Progress: Adding alt_vip_cl_tpg_0 [alt_vip_cl_tpg 16.1]
Progress: Parameterizing module alt_vip_cl_tpg_0
Progress: Adding clk_0 [clock_source 16.1]
Progress: Parameterizing module clk_0
Progress: Adding i2c_Camera [altera_avalon_i2c 16.1]
Progress: Parameterizing module i2c_Camera
Progress: Adding i2c_hdmi_tx [altera_avalon_i2c 16.1]
Progress: Parameterizing module i2c_hdmi_tx
Progress: Adding master_0 [altera_jtag_avalon_master 16.1]
Progress: Parameterizing module master_0
Progress: Adding master_1 [altera_jtag_avalon_master 16.1]
Progress: Parameterizing module master_1
Progress: Adding pio_0 [altera_avalon_pio 16.1]
Progress: Parameterizing module pio_0
Progress: Adding sysid_qsys_0 [altera_avalon_sysid_qsys 16.1]
Progress: Parameterizing module sysid_qsys_0
Progress: Adding vip_clock_domain [clock_source 16.1]
Progress: Parameterizing module vip_clock_domain
Progress: Building connections
Progress: Parameterizing connections
Progress: Validating
Progress: Done reading input file
Info: nios.sysid_qsys_0: System ID is not assigned automatically. Edit the System ID parameter to provide a unique ID
Info: nios.sysid_qsys_0: Time stamp will be automatically updated when this component is generated.
Warning: nios.i2c_Camera: Interrupt sender i2c_Camera.interrupt_sender is not connected to an interrupt receiver
Warning: nios.i2c_hdmi_tx: Interrupt sender i2c_hdmi_tx.interrupt_sender is not connected to an interrupt receiver
Info: qsys-generate succeeded.
Info: Finished: Create block symbol file (.bsf)
Info: 
Info: Starting: Create HDL design files for synthesis
Info: qsys-generate E:\Galaxy\GFEC\02_Altera\Altera_DemoBoard\CV_GX_Claire_Kit\project\CAM2HDMI_2019\ip\nios\nios.qsys --synthesis=VERILOG --output-directory=E:\Galaxy\GFEC\02_Altera\Altera_DemoBoard\CV_GX_Claire_Kit\project\CAM2HDMI_2019\ip\nios\nios\synthesis --family="Cyclone V" --part=5CGXBC7D6F31C7
Progress: Loading nios/nios.qsys
Progress: Reading input file
Progress: Adding alt_vip_cl_cvo_0 [alt_vip_cl_cvo 16.1]
Progress: Parameterizing module alt_vip_cl_cvo_0
Progress: Adding alt_vip_cl_scl_0 [alt_vip_cl_scl 16.1]
Progress: Parameterizing module alt_vip_cl_scl_0
Progress: Adding alt_vip_cl_tpg_0 [alt_vip_cl_tpg 16.1]
Progress: Parameterizing module alt_vip_cl_tpg_0
Progress: Adding clk_0 [clock_source 16.1]
Progress: Parameterizing module clk_0
Progress: Adding i2c_Camera [altera_avalon_i2c 16.1]
Progress: Parameterizing module i2c_Camera
Progress: Adding i2c_hdmi_tx [altera_avalon_i2c 16.1]
Progress: Parameterizing module i2c_hdmi_tx
Progress: Adding master_0 [altera_jtag_avalon_master 16.1]
Progress: Parameterizing module master_0
Progress: Adding master_1 [altera_jtag_avalon_master 16.1]
Progress: Parameterizing module master_1
Progress: Adding pio_0 [altera_avalon_pio 16.1]
Progress: Parameterizing module pio_0
Progress: Adding sysid_qsys_0 [altera_avalon_sysid_qsys 16.1]
Progress: Parameterizing module sysid_qsys_0
Progress: Adding vip_clock_domain [clock_source 16.1]
Progress: Parameterizing module vip_clock_domain
Progress: Building connections
Progress: Parameterizing connections
Progress: Validating
Progress: Done reading input file
Info: nios.sysid_qsys_0: System ID is not assigned automatically. Edit the System ID parameter to provide a unique ID
Info: nios.sysid_qsys_0: Time stamp will be automatically updated when this component is generated.
Warning: nios.i2c_Camera: Interrupt sender i2c_Camera.interrupt_sender is not connected to an interrupt receiver
Warning: nios.i2c_hdmi_tx: Interrupt sender i2c_hdmi_tx.interrupt_sender is not connected to an interrupt receiver
Info: nios: Generating nios "nios" for QUARTUS_SYNTH
Info: alt_vip_cl_cvo_0: "nios" instantiated alt_vip_cl_cvo "alt_vip_cl_cvo_0"
Info: alt_vip_cl_scl_0: "nios" instantiated alt_vip_cl_scl "alt_vip_cl_scl_0"
Info: alt_vip_cl_tpg_0: "nios" instantiated alt_vip_cl_tpg "alt_vip_cl_tpg_0"
Info: i2c_Camera: "nios" instantiated altera_avalon_i2c "i2c_Camera"
Info: master_0: "nios" instantiated altera_jtag_avalon_master "master_0"
Info: pio_0: Starting RTL generation for module 'nios_pio_0'
Info: pio_0:   Generation command is [exec C:/intelfpga_lite/16.1/quartus/bin64/perl/bin/perl.exe -I C:/intelfpga_lite/16.1/quartus/bin64/perl/lib -I C:/intelfpga_lite/16.1/quartus/sopc_builder/bin/europa -I C:/intelfpga_lite/16.1/quartus/sopc_builder/bin/perl_lib -I C:/intelfpga_lite/16.1/quartus/sopc_builder/bin -I C:/intelfpga_lite/16.1/quartus/../ip/altera/sopc_builder_ip/common -I C:/intelfpga_lite/16.1/quartus/../ip/altera/sopc_builder_ip/altera_avalon_pio -- C:/intelfpga_lite/16.1/quartus/../ip/altera/sopc_builder_ip/altera_avalon_pio/generate_rtl.pl --name=nios_pio_0 --dir=C:/Users/User/AppData/Local/Temp/alt7988_4533002167234849184.dir/0048_pio_0_gen/ --quartus_dir=C:/intelfpga_lite/16.1/quartus --verilog --config=C:/Users/User/AppData/Local/Temp/alt7988_4533002167234849184.dir/0048_pio_0_gen//nios_pio_0_component_configuration.pl  --do_build_sim=0  ]
Info: pio_0: Done RTL generation for module 'nios_pio_0'
Info: pio_0: "nios" instantiated altera_avalon_pio "pio_0"
Info: sysid_qsys_0: "nios" instantiated altera_avalon_sysid_qsys "sysid_qsys_0"
Info: avalon_st_adapter: Inserting error_adapter: error_adapter_0
Info: avalon_st_adapter_001: Inserting error_adapter: error_adapter_0
Info: avalon_st_adapter_002: Inserting error_adapter: error_adapter_0
Info: mm_interconnect_0: "nios" instantiated altera_mm_interconnect "mm_interconnect_0"
Info: avalon_st_adapter: Inserting error_adapter: error_adapter_0
Info: avalon_st_adapter_001: Inserting error_adapter: error_adapter_0
Info: avalon_st_adapter_002: Inserting error_adapter: error_adapter_0
Info: avalon_st_adapter_003: Inserting error_adapter: error_adapter_0
Info: mm_interconnect_1: "nios" instantiated altera_mm_interconnect "mm_interconnect_1"
Info: rst_controller: "nios" instantiated altera_reset_controller "rst_controller"
Info: video_in: "alt_vip_cl_cvo_0" instantiated alt_vip_video_input_bridge "video_in"
Info: scheduler: "alt_vip_cl_cvo_0" instantiated alt_vip_cvo_scheduler "scheduler"
Info: sop_align: "alt_vip_cl_cvo_0" instantiated alt_vip_pip_sop_realign "sop_align"
Info: Reusing file E:/Galaxy/GFEC/02_Altera/Altera_DemoBoard/CV_GX_Claire_Kit/project/CAM2HDMI_2019/ip/nios/nios/synthesis/submodules/common/alt_vip_common_pkg.sv
Info: Reusing file E:/Galaxy/GFEC/02_Altera/Altera_DemoBoard/CV_GX_Claire_Kit/project/CAM2HDMI_2019/ip/nios/nios/synthesis/submodules/modules/alt_vip_common_event_packet_decode/src_hdl/alt_vip_common_event_packet_decode.sv
Info: Reusing file E:/Galaxy/GFEC/02_Altera/Altera_DemoBoard/CV_GX_Claire_Kit/project/CAM2HDMI_2019/ip/nios/nios/synthesis/submodules/modules/alt_vip_common_event_packet_encode/src_hdl/alt_vip_common_event_packet_encode.sv
Info: cvo_core: "alt_vip_cl_cvo_0" instantiated alt_vip_cvo_core "cvo_core"
Info: Reusing file E:/Galaxy/GFEC/02_Altera/Altera_DemoBoard/CV_GX_Claire_Kit/project/CAM2HDMI_2019/ip/nios/nios/synthesis/submodules/common/alt_vip_common_pkg.sv
Info: Reusing file E:/Galaxy/GFEC/02_Altera/Altera_DemoBoard/CV_GX_Claire_Kit/project/CAM2HDMI_2019/ip/nios/nios/synthesis/submodules/modules/alt_vip_common_event_packet_encode/src_hdl/alt_vip_common_event_packet_encode.sv
Info: Reusing file E:/Galaxy/GFEC/02_Altera/Altera_DemoBoard/CV_GX_Claire_Kit/project/CAM2HDMI_2019/ip/nios/nios/synthesis/submodules/modules/alt_vip_common_event_packet_decode/src_hdl/alt_vip_common_event_packet_decode.sv
Info: control: "alt_vip_cl_cvo_0" instantiated alt_vip_control_slave "control"
Info: Reusing file E:/Galaxy/GFEC/02_Altera/Altera_DemoBoard/CV_GX_Claire_Kit/project/CAM2HDMI_2019/ip/nios/nios/synthesis/submodules/common/alt_vip_common_pkg.sv
Info: Reusing file E:/Galaxy/GFEC/02_Altera/Altera_DemoBoard/CV_GX_Claire_Kit/project/CAM2HDMI_2019/ip/nios/nios/synthesis/submodules/modules/alt_vip_common_event_packet_decode/src_hdl/alt_vip_common_event_packet_decode.sv
Info: Reusing file E:/Galaxy/GFEC/02_Altera/Altera_DemoBoard/CV_GX_Claire_Kit/project/CAM2HDMI_2019/ip/nios/nios/synthesis/submodules/modules/alt_vip_common_event_packet_encode/src_hdl/alt_vip_common_event_packet_encode.sv
Info: video_in_resp: "alt_vip_cl_scl_0" instantiated alt_vip_video_input_bridge_resp "video_in_resp"
Info: Reusing file E:/Galaxy/GFEC/02_Altera/Altera_DemoBoard/CV_GX_Claire_Kit/project/CAM2HDMI_2019/ip/nios/nios/synthesis/submodules/common/alt_vip_common_pkg.sv
Info: Reusing file E:/Galaxy/GFEC/02_Altera/Altera_DemoBoard/CV_GX_Claire_Kit/project/CAM2HDMI_2019/ip/nios/nios/synthesis/submodules/modules/alt_vip_common_event_packet_decode/src_hdl/alt_vip_common_event_packet_decode.sv
Info: Reusing file E:/Galaxy/GFEC/02_Altera/Altera_DemoBoard/CV_GX_Claire_Kit/project/CAM2HDMI_2019/ip/nios/nios/synthesis/submodules/modules/alt_vip_common_event_packet_encode/src_hdl/alt_vip_common_event_packet_encode.sv
Info: video_out: "alt_vip_cl_scl_0" instantiated alt_vip_video_output_bridge "video_out"
Info: Reusing file E:/Galaxy/GFEC/02_Altera/Altera_DemoBoard/CV_GX_Claire_Kit/project/CAM2HDMI_2019/ip/nios/nios/synthesis/submodules/common/alt_vip_common_pkg.sv
Info: Reusing file E:/Galaxy/GFEC/02_Altera/Altera_DemoBoard/CV_GX_Claire_Kit/project/CAM2HDMI_2019/ip/nios/nios/synthesis/submodules/modules/alt_vip_common_event_packet_decode/src_hdl/alt_vip_common_event_packet_decode.sv
Info: Reusing file E:/Galaxy/GFEC/02_Altera/Altera_DemoBoard/CV_GX_Claire_Kit/project/CAM2HDMI_2019/ip/nios/nios/synthesis/submodules/modules/alt_vip_common_event_packet_encode/src_hdl/alt_vip_common_event_packet_encode.sv
Info: Reusing file E:/Galaxy/GFEC/02_Altera/Altera_DemoBoard/CV_GX_Claire_Kit/project/CAM2HDMI_2019/ip/nios/nios/synthesis/submodules/modules/alt_vip_common_sop_align/src_hdl/alt_vip_common_sop_align.sv
Info: scheduler: "alt_vip_cl_scl_0" instantiated alt_vip_scaler_scheduler "scheduler"
Info: Reusing file E:/Galaxy/GFEC/02_Altera/Altera_DemoBoard/CV_GX_Claire_Kit/project/CAM2HDMI_2019/ip/nios/nios/synthesis/submodules/common/alt_vip_common_pkg.sv
Info: Reusing file E:/Galaxy/GFEC/02_Altera/Altera_DemoBoard/CV_GX_Claire_Kit/project/CAM2HDMI_2019/ip/nios/nios/synthesis/submodules/modules/alt_vip_common_event_packet_decode/src_hdl/alt_vip_common_event_packet_decode.sv
Info: Reusing file E:/Galaxy/GFEC/02_Altera/Altera_DemoBoard/CV_GX_Claire_Kit/project/CAM2HDMI_2019/ip/nios/nios/synthesis/submodules/modules/alt_vip_common_event_packet_encode/src_hdl/alt_vip_common_event_packet_encode.sv
Info: kernel_creator: "alt_vip_cl_scl_0" instantiated alt_vip_scaler_kernel_creator "kernel_creator"
Info: Reusing file E:/Galaxy/GFEC/02_Altera/Altera_DemoBoard/CV_GX_Claire_Kit/project/CAM2HDMI_2019/ip/nios/nios/synthesis/submodules/common/alt_vip_common_pkg.sv
Info: Reusing file E:/Galaxy/GFEC/02_Altera/Altera_DemoBoard/CV_GX_Claire_Kit/project/CAM2HDMI_2019/ip/nios/nios/synthesis/submodules/modules/alt_vip_common_event_packet_decode/src_hdl/alt_vip_common_event_packet_decode.sv
Info: Reusing file E:/Galaxy/GFEC/02_Altera/Altera_DemoBoard/CV_GX_Claire_Kit/project/CAM2HDMI_2019/ip/nios/nios/synthesis/submodules/modules/alt_vip_common_event_packet_encode/src_hdl/alt_vip_common_event_packet_encode.sv
Info: video_in_cmd: "alt_vip_cl_scl_0" instantiated alt_vip_video_input_bridge_cmd "video_in_cmd"
Info: Reusing file E:/Galaxy/GFEC/02_Altera/Altera_DemoBoard/CV_GX_Claire_Kit/project/CAM2HDMI_2019/ip/nios/nios/synthesis/submodules/common/alt_vip_common_pkg.sv
Info: Reusing file E:/Galaxy/GFEC/02_Altera/Altera_DemoBoard/CV_GX_Claire_Kit/project/CAM2HDMI_2019/ip/nios/nios/synthesis/submodules/modules/alt_vip_common_event_packet_decode/src_hdl/alt_vip_common_event_packet_decode.sv
Info: Reusing file E:/Galaxy/GFEC/02_Altera/Altera_DemoBoard/CV_GX_Claire_Kit/project/CAM2HDMI_2019/ip/nios/nios/synthesis/submodules/modules/alt_vip_common_event_packet_encode/src_hdl/alt_vip_common_event_packet_encode.sv
Info: input_demux: "alt_vip_cl_scl_0" instantiated alt_vip_packet_demux "input_demux"
Info: Reusing file E:/Galaxy/GFEC/02_Altera/Altera_DemoBoard/CV_GX_Claire_Kit/project/CAM2HDMI_2019/ip/nios/nios/synthesis/submodules/common/alt_vip_common_pkg.sv
Info: Reusing file E:/Galaxy/GFEC/02_Altera/Altera_DemoBoard/CV_GX_Claire_Kit/project/CAM2HDMI_2019/ip/nios/nios/synthesis/submodules/modules/alt_vip_common_event_packet_decode/src_hdl/alt_vip_common_event_packet_decode.sv
Info: Reusing file E:/Galaxy/GFEC/02_Altera/Altera_DemoBoard/CV_GX_Claire_Kit/project/CAM2HDMI_2019/ip/nios/nios/synthesis/submodules/modules/alt_vip_common_event_packet_encode/src_hdl/alt_vip_common_event_packet_encode.sv
Info: line_buffer_0: "alt_vip_cl_scl_0" instantiated alt_vip_line_buffer "line_buffer_0"
Info: Reusing file E:/Galaxy/GFEC/02_Altera/Altera_DemoBoard/CV_GX_Claire_Kit/project/CAM2HDMI_2019/ip/nios/nios/synthesis/submodules/common/alt_vip_common_pkg.sv
Info: Reusing file E:/Galaxy/GFEC/02_Altera/Altera_DemoBoard/CV_GX_Claire_Kit/project/CAM2HDMI_2019/ip/nios/nios/synthesis/submodules/modules/alt_vip_common_event_packet_decode/src_hdl/alt_vip_common_event_packet_decode.sv
Info: Reusing file E:/Galaxy/GFEC/02_Altera/Altera_DemoBoard/CV_GX_Claire_Kit/project/CAM2HDMI_2019/ip/nios/nios/synthesis/submodules/modules/alt_vip_common_event_packet_encode/src_hdl/alt_vip_common_event_packet_encode.sv
Info: Reusing file E:/Galaxy/GFEC/02_Altera/Altera_DemoBoard/CV_GX_Claire_Kit/project/CAM2HDMI_2019/ip/nios/nios/synthesis/submodules/modules/alt_vip_common_sop_align/src_hdl/alt_vip_common_sop_align.sv
Info: scaler_core_0: "alt_vip_cl_scl_0" instantiated alt_vip_scaler_alg_core "scaler_core_0"
Info: Reusing file E:/Galaxy/GFEC/02_Altera/Altera_DemoBoard/CV_GX_Claire_Kit/project/CAM2HDMI_2019/ip/nios/nios/synthesis/submodules/common/alt_vip_common_pkg.sv
Info: Reusing file E:/Galaxy/GFEC/02_Altera/Altera_DemoBoard/CV_GX_Claire_Kit/project/CAM2HDMI_2019/ip/nios/nios/synthesis/submodules/modules/alt_vip_common_event_packet_decode/src_hdl/alt_vip_common_event_packet_decode.sv
Info: Reusing file E:/Galaxy/GFEC/02_Altera/Altera_DemoBoard/CV_GX_Claire_Kit/project/CAM2HDMI_2019/ip/nios/nios/synthesis/submodules/modules/alt_vip_common_event_packet_encode/src_hdl/alt_vip_common_event_packet_encode.sv
Info: seq_to_par_0: "alt_vip_cl_scl_0" instantiated alt_vip_pip_converter_core "seq_to_par_0"
Info: Reusing file E:/Galaxy/GFEC/02_Altera/Altera_DemoBoard/CV_GX_Claire_Kit/project/CAM2HDMI_2019/ip/nios/nios/synthesis/submodules/common/alt_vip_common_pkg.sv
Info: Reusing file E:/Galaxy/GFEC/02_Altera/Altera_DemoBoard/CV_GX_Claire_Kit/project/CAM2HDMI_2019/ip/nios/nios/synthesis/submodules/modules/alt_vip_common_event_packet_decode/src_hdl/alt_vip_common_event_packet_decode.sv
Info: Reusing file E:/Galaxy/GFEC/02_Altera/Altera_DemoBoard/CV_GX_Claire_Kit/project/CAM2HDMI_2019/ip/nios/nios/synthesis/submodules/modules/alt_vip_common_event_packet_encode/src_hdl/alt_vip_common_event_packet_encode.sv
Info: Reusing file E:/Galaxy/GFEC/02_Altera/Altera_DemoBoard/CV_GX_Claire_Kit/project/CAM2HDMI_2019/ip/nios/nios/synthesis/submodules/modules/alt_vip_common_fifo2/src_hdl/alt_vip_common_fifo2.sv
Info: Reusing file E:/Galaxy/GFEC/02_Altera/Altera_DemoBoard/CV_GX_Claire_Kit/project/CAM2HDMI_2019/ip/nios/nios/synthesis/submodules/modules/alt_vip_common_fifo2/src_hdl/alt_vip_common_fifo2.sdc
Info: output_mux: "alt_vip_cl_scl_0" instantiated alt_vip_packet_mux "output_mux"
Info: Reusing file E:/Galaxy/GFEC/02_Altera/Altera_DemoBoard/CV_GX_Claire_Kit/project/CAM2HDMI_2019/ip/nios/nios/synthesis/submodules/common/alt_vip_common_pkg.sv
Info: Reusing file E:/Galaxy/GFEC/02_Altera/Altera_DemoBoard/CV_GX_Claire_Kit/project/CAM2HDMI_2019/ip/nios/nios/synthesis/submodules/modules/alt_vip_common_event_packet_decode/src_hdl/alt_vip_common_event_packet_decode.sv
Info: Reusing file E:/Galaxy/GFEC/02_Altera/Altera_DemoBoard/CV_GX_Claire_Kit/project/CAM2HDMI_2019/ip/nios/nios/synthesis/submodules/modules/alt_vip_common_event_packet_encode/src_hdl/alt_vip_common_event_packet_encode.sv
Info: tpg_core: "alt_vip_cl_tpg_0" instantiated alt_vip_tpg_alg_core "tpg_core"
Info: Reusing file E:/Galaxy/GFEC/02_Altera/Altera_DemoBoard/CV_GX_Claire_Kit/project/CAM2HDMI_2019/ip/nios/nios/synthesis/submodules/common/alt_vip_common_pkg.sv
Info: Reusing file E:/Galaxy/GFEC/02_Altera/Altera_DemoBoard/CV_GX_Claire_Kit/project/CAM2HDMI_2019/ip/nios/nios/synthesis/submodules/modules/alt_vip_common_event_packet_decode/src_hdl/alt_vip_common_event_packet_decode.sv
Info: Reusing file E:/Galaxy/GFEC/02_Altera/Altera_DemoBoard/CV_GX_Claire_Kit/project/CAM2HDMI_2019/ip/nios/nios/synthesis/submodules/modules/alt_vip_common_event_packet_encode/src_hdl/alt_vip_common_event_packet_encode.sv
Info: scheduler: "alt_vip_cl_tpg_0" instantiated alt_vip_tpg_scheduler "scheduler"
Info: Reusing file E:/Galaxy/GFEC/02_Altera/Altera_DemoBoard/CV_GX_Claire_Kit/project/CAM2HDMI_2019/ip/nios/nios/synthesis/submodules/common/alt_vip_common_pkg.sv
Info: Reusing file E:/Galaxy/GFEC/02_Altera/Altera_DemoBoard/CV_GX_Claire_Kit/project/CAM2HDMI_2019/ip/nios/nios/synthesis/submodules/modules/alt_vip_common_event_packet_decode/src_hdl/alt_vip_common_event_packet_decode.sv
Info: Reusing file E:/Galaxy/GFEC/02_Altera/Altera_DemoBoard/CV_GX_Claire_Kit/project/CAM2HDMI_2019/ip/nios/nios/synthesis/submodules/modules/alt_vip_common_event_packet_encode/src_hdl/alt_vip_common_event_packet_encode.sv
Info: jtag_phy_embedded_in_jtag_master: "master_0" instantiated altera_jtag_dc_streaming "jtag_phy_embedded_in_jtag_master"
Info: timing_adt: "master_0" instantiated timing_adapter "timing_adt"
Info: fifo: "master_0" instantiated altera_avalon_sc_fifo "fifo"
Info: b2p: "master_0" instantiated altera_avalon_st_bytes_to_packets "b2p"
Info: p2b: "master_0" instantiated altera_avalon_st_packets_to_bytes "p2b"
Info: transacto: "master_0" instantiated altera_avalon_packets_to_master "transacto"
Info: b2p_adapter: "master_0" instantiated channel_adapter "b2p_adapter"
Info: p2b_adapter: "master_0" instantiated channel_adapter "p2b_adapter"
Info: master_1_master_translator: "mm_interconnect_0" instantiated altera_merlin_master_translator "master_1_master_translator"
Info: alt_vip_cl_tpg_0_control_translator: "mm_interconnect_0" instantiated altera_merlin_slave_translator "alt_vip_cl_tpg_0_control_translator"
Info: master_1_master_agent: "mm_interconnect_0" instantiated altera_merlin_master_agent "master_1_master_agent"
Info: alt_vip_cl_tpg_0_control_agent: "mm_interconnect_0" instantiated altera_merlin_slave_agent "alt_vip_cl_tpg_0_control_agent"
Info: router: "mm_interconnect_0" instantiated altera_merlin_router "router"
Info: router_001: "mm_interconnect_0" instantiated altera_merlin_router "router_001"
Info: master_1_master_limiter: "mm_interconnect_0" instantiated altera_merlin_traffic_limiter "master_1_master_limiter"
Info: Reusing file E:/Galaxy/GFEC/02_Altera/Altera_DemoBoard/CV_GX_Claire_Kit/project/CAM2HDMI_2019/ip/nios/nios/synthesis/submodules/altera_avalon_sc_fifo.v
Info: Reusing file E:/Galaxy/GFEC/02_Altera/Altera_DemoBoard/CV_GX_Claire_Kit/project/CAM2HDMI_2019/ip/nios/nios/synthesis/submodules/altera_avalon_st_pipeline_base.v
Info: cmd_demux: "mm_interconnect_0" instantiated altera_merlin_demultiplexer "cmd_demux"
Info: cmd_mux: "mm_interconnect_0" instantiated altera_merlin_multiplexer "cmd_mux"
Info: rsp_demux: "mm_interconnect_0" instantiated altera_merlin_demultiplexer "rsp_demux"
Info: rsp_mux: "mm_interconnect_0" instantiated altera_merlin_multiplexer "rsp_mux"
Info: Reusing file E:/Galaxy/GFEC/02_Altera/Altera_DemoBoard/CV_GX_Claire_Kit/project/CAM2HDMI_2019/ip/nios/nios/synthesis/submodules/altera_merlin_arbitrator.sv
Info: avalon_st_adapter: "mm_interconnect_0" instantiated altera_avalon_st_adapter "avalon_st_adapter"
Info: router: "mm_interconnect_1" instantiated altera_merlin_router "router"
Info: router_001: "mm_interconnect_1" instantiated altera_merlin_router "router_001"
Info: cmd_demux: "mm_interconnect_1" instantiated altera_merlin_demultiplexer "cmd_demux"
Info: cmd_mux: "mm_interconnect_1" instantiated altera_merlin_multiplexer "cmd_mux"
Info: Reusing file E:/Galaxy/GFEC/02_Altera/Altera_DemoBoard/CV_GX_Claire_Kit/project/CAM2HDMI_2019/ip/nios/nios/synthesis/submodules/altera_merlin_arbitrator.sv
Info: rsp_demux: "mm_interconnect_1" instantiated altera_merlin_demultiplexer "rsp_demux"
Info: rsp_mux: "mm_interconnect_1" instantiated altera_merlin_multiplexer "rsp_mux"
Info: Reusing file E:/Galaxy/GFEC/02_Altera/Altera_DemoBoard/CV_GX_Claire_Kit/project/CAM2HDMI_2019/ip/nios/nios/synthesis/submodules/altera_merlin_arbitrator.sv
Info: error_adapter_0: "avalon_st_adapter" instantiated error_adapter "error_adapter_0"
Info: nios: Done "nios" with 55 modules, 142 files
Info: qsys-generate succeeded.
Info: Finished: Create HDL design files for synthesis
